Started GET "/" for ::1 at 2019-11-04 14:15:11 -0800
Processing by Rails::WelcomeController#index as HTML
  Rendering /Users/redlhota/.rvm/gems/ruby-2.6.1/gems/railties-5.2.3/lib/rails/templates/rails/welcome/index.html.erb
  Rendered /Users/redlhota/.rvm/gems/ruby-2.6.1/gems/railties-5.2.3/lib/rails/templates/rails/welcome/index.html.erb (10.5ms)
Completed 200 OK in 30ms (Views: 22.0ms | ActiveRecord: 0.0ms)


Started GET "/" for 127.0.0.1 at 2019-11-04 21:22:56 -0800
  
PG::ConnectionBad (could not connect to server: No such file or directory
	Is the server running locally and accepting
	connections on Unix domain socket "/tmp/.s.PGSQL.5432"?
):
  
pg (1.1.4) lib/pg.rb:56:in `initialize'
pg (1.1.4) lib/pg.rb:56:in `new'
pg (1.1.4) lib/pg.rb:56:in `connect'
activerecord (5.2.3) lib/active_record/connection_adapters/postgresql_adapter.rb:692:in `connect'
activerecord (5.2.3) lib/active_record/connection_adapters/postgresql_adapter.rb:223:in `initialize'
activerecord (5.2.3) lib/active_record/connection_adapters/postgresql_adapter.rb:48:in `new'
activerecord (5.2.3) lib/active_record/connection_adapters/postgresql_adapter.rb:48:in `postgresql_connection'
activerecord (5.2.3) lib/active_record/connection_adapters/abstract/connection_pool.rb:811:in `new_connection'
activerecord (5.2.3) lib/active_record/connection_adapters/abstract/connection_pool.rb:855:in `checkout_new_connection'
activerecord (5.2.3) lib/active_record/connection_adapters/abstract/connection_pool.rb:834:in `try_to_checkout_new_connection'
activerecord (5.2.3) lib/active_record/connection_adapters/abstract/connection_pool.rb:795:in `acquire_connection'
activerecord (5.2.3) lib/active_record/connection_adapters/abstract/connection_pool.rb:523:in `checkout'
activerecord (5.2.3) lib/active_record/connection_adapters/abstract/connection_pool.rb:382:in `connection'
activerecord (5.2.3) lib/active_record/connection_adapters/abstract/connection_pool.rb:1014:in `retrieve_connection'
activerecord (5.2.3) lib/active_record/connection_handling.rb:118:in `retrieve_connection'
activerecord (5.2.3) lib/active_record/connection_handling.rb:90:in `connection'
activerecord (5.2.3) lib/active_record/migration.rb:554:in `call'
actionpack (5.2.3) lib/action_dispatch/middleware/callbacks.rb:28:in `block in call'
activesupport (5.2.3) lib/active_support/callbacks.rb:98:in `run_callbacks'
actionpack (5.2.3) lib/action_dispatch/middleware/callbacks.rb:26:in `call'
actionpack (5.2.3) lib/action_dispatch/middleware/executor.rb:14:in `call'
actionpack (5.2.3) lib/action_dispatch/middleware/debug_exceptions.rb:61:in `call'
web-console (3.7.0) lib/web_console/middleware.rb:135:in `call_app'
web-console (3.7.0) lib/web_console/middleware.rb:30:in `block in call'
web-console (3.7.0) lib/web_console/middleware.rb:20:in `catch'
web-console (3.7.0) lib/web_console/middleware.rb:20:in `call'
actionpack (5.2.3) lib/action_dispatch/middleware/show_exceptions.rb:33:in `call'
railties (5.2.3) lib/rails/rack/logger.rb:38:in `call_app'
railties (5.2.3) lib/rails/rack/logger.rb:26:in `block in call'
activesupport (5.2.3) lib/active_support/tagged_logging.rb:71:in `block in tagged'
activesupport (5.2.3) lib/active_support/tagged_logging.rb:28:in `tagged'
activesupport (5.2.3) lib/active_support/tagged_logging.rb:71:in `tagged'
railties (5.2.3) lib/rails/rack/logger.rb:26:in `call'
sprockets-rails (3.2.1) lib/sprockets/rails/quiet_assets.rb:13:in `call'
actionpack (5.2.3) lib/action_dispatch/middleware/remote_ip.rb:81:in `call'
actionpack (5.2.3) lib/action_dispatch/middleware/request_id.rb:27:in `call'
rack (2.0.7) lib/rack/method_override.rb:22:in `call'
rack (2.0.7) lib/rack/runtime.rb:22:in `call'
activesupport (5.2.3) lib/active_support/cache/strategy/local_cache_middleware.rb:29:in `call'
actionpack (5.2.3) lib/action_dispatch/middleware/executor.rb:14:in `call'
actionpack (5.2.3) lib/action_dispatch/middleware/static.rb:127:in `call'
rack (2.0.7) lib/rack/sendfile.rb:111:in `call'
railties (5.2.3) lib/rails/engine.rb:524:in `call'
puma (3.12.1) lib/puma/configuration.rb:227:in `call'
puma (3.12.1) lib/puma/server.rb:660:in `handle_request'
puma (3.12.1) lib/puma/server.rb:474:in `process_client'
puma (3.12.1) lib/puma/server.rb:334:in `block in run'
puma (3.12.1) lib/puma/thread_pool.rb:135:in `block in spawn_thread'
Started GET "/" for 127.0.0.1 at 2019-11-04 21:31:09 -0800
  
PG::ConnectionBad (could not connect to server: No such file or directory
	Is the server running locally and accepting
	connections on Unix domain socket "/tmp/.s.PGSQL.5432"?
):
  
pg (1.1.4) lib/pg.rb:56:in `initialize'
pg (1.1.4) lib/pg.rb:56:in `new'
pg (1.1.4) lib/pg.rb:56:in `connect'
activerecord (5.2.3) lib/active_record/connection_adapters/postgresql_adapter.rb:692:in `connect'
activerecord (5.2.3) lib/active_record/connection_adapters/postgresql_adapter.rb:223:in `initialize'
activerecord (5.2.3) lib/active_record/connection_adapters/postgresql_adapter.rb:48:in `new'
activerecord (5.2.3) lib/active_record/connection_adapters/postgresql_adapter.rb:48:in `postgresql_connection'
activerecord (5.2.3) lib/active_record/connection_adapters/abstract/connection_pool.rb:811:in `new_connection'
activerecord (5.2.3) lib/active_record/connection_adapters/abstract/connection_pool.rb:855:in `checkout_new_connection'
activerecord (5.2.3) lib/active_record/connection_adapters/abstract/connection_pool.rb:834:in `try_to_checkout_new_connection'
activerecord (5.2.3) lib/active_record/connection_adapters/abstract/connection_pool.rb:795:in `acquire_connection'
activerecord (5.2.3) lib/active_record/connection_adapters/abstract/connection_pool.rb:523:in `checkout'
activerecord (5.2.3) lib/active_record/connection_adapters/abstract/connection_pool.rb:382:in `connection'
activerecord (5.2.3) lib/active_record/connection_adapters/abstract/connection_pool.rb:1014:in `retrieve_connection'
activerecord (5.2.3) lib/active_record/connection_handling.rb:118:in `retrieve_connection'
activerecord (5.2.3) lib/active_record/connection_handling.rb:90:in `connection'
activerecord (5.2.3) lib/active_record/migration.rb:554:in `call'
actionpack (5.2.3) lib/action_dispatch/middleware/callbacks.rb:28:in `block in call'
activesupport (5.2.3) lib/active_support/callbacks.rb:98:in `run_callbacks'
actionpack (5.2.3) lib/action_dispatch/middleware/callbacks.rb:26:in `call'
actionpack (5.2.3) lib/action_dispatch/middleware/executor.rb:14:in `call'
actionpack (5.2.3) lib/action_dispatch/middleware/debug_exceptions.rb:61:in `call'
web-console (3.7.0) lib/web_console/middleware.rb:135:in `call_app'
web-console (3.7.0) lib/web_console/middleware.rb:30:in `block in call'
web-console (3.7.0) lib/web_console/middleware.rb:20:in `catch'
web-console (3.7.0) lib/web_console/middleware.rb:20:in `call'
actionpack (5.2.3) lib/action_dispatch/middleware/show_exceptions.rb:33:in `call'
railties (5.2.3) lib/rails/rack/logger.rb:38:in `call_app'
railties (5.2.3) lib/rails/rack/logger.rb:26:in `block in call'
activesupport (5.2.3) lib/active_support/tagged_logging.rb:71:in `block in tagged'
activesupport (5.2.3) lib/active_support/tagged_logging.rb:28:in `tagged'
activesupport (5.2.3) lib/active_support/tagged_logging.rb:71:in `tagged'
railties (5.2.3) lib/rails/rack/logger.rb:26:in `call'
sprockets-rails (3.2.1) lib/sprockets/rails/quiet_assets.rb:13:in `call'
actionpack (5.2.3) lib/action_dispatch/middleware/remote_ip.rb:81:in `call'
actionpack (5.2.3) lib/action_dispatch/middleware/request_id.rb:27:in `call'
rack (2.0.7) lib/rack/method_override.rb:22:in `call'
rack (2.0.7) lib/rack/runtime.rb:22:in `call'
activesupport (5.2.3) lib/active_support/cache/strategy/local_cache_middleware.rb:29:in `call'
actionpack (5.2.3) lib/action_dispatch/middleware/executor.rb:14:in `call'
actionpack (5.2.3) lib/action_dispatch/middleware/static.rb:127:in `call'
rack (2.0.7) lib/rack/sendfile.rb:111:in `call'
railties (5.2.3) lib/rails/engine.rb:524:in `call'
puma (3.12.1) lib/puma/configuration.rb:227:in `call'
puma (3.12.1) lib/puma/server.rb:660:in `handle_request'
puma (3.12.1) lib/puma/server.rb:474:in `process_client'
puma (3.12.1) lib/puma/server.rb:334:in `block in run'
puma (3.12.1) lib/puma/thread_pool.rb:135:in `block in spawn_thread'
Started GET "/" for 127.0.0.1 at 2019-11-04 21:31:29 -0800
  
ActiveRecord::NoDatabaseError (FATAL:  database "db/development" does not exist
):
  
activerecord (5.2.3) lib/active_record/connection_adapters/postgresql_adapter.rb:696:in `rescue in connect'
activerecord (5.2.3) lib/active_record/connection_adapters/postgresql_adapter.rb:691:in `connect'
activerecord (5.2.3) lib/active_record/connection_adapters/postgresql_adapter.rb:223:in `initialize'
activerecord (5.2.3) lib/active_record/connection_adapters/postgresql_adapter.rb:48:in `new'
activerecord (5.2.3) lib/active_record/connection_adapters/postgresql_adapter.rb:48:in `postgresql_connection'
activerecord (5.2.3) lib/active_record/connection_adapters/abstract/connection_pool.rb:811:in `new_connection'
activerecord (5.2.3) lib/active_record/connection_adapters/abstract/connection_pool.rb:855:in `checkout_new_connection'
activerecord (5.2.3) lib/active_record/connection_adapters/abstract/connection_pool.rb:834:in `try_to_checkout_new_connection'
activerecord (5.2.3) lib/active_record/connection_adapters/abstract/connection_pool.rb:795:in `acquire_connection'
activerecord (5.2.3) lib/active_record/connection_adapters/abstract/connection_pool.rb:523:in `checkout'
activerecord (5.2.3) lib/active_record/connection_adapters/abstract/connection_pool.rb:382:in `connection'
activerecord (5.2.3) lib/active_record/connection_adapters/abstract/connection_pool.rb:1014:in `retrieve_connection'
activerecord (5.2.3) lib/active_record/connection_handling.rb:118:in `retrieve_connection'
activerecord (5.2.3) lib/active_record/connection_handling.rb:90:in `connection'
activerecord (5.2.3) lib/active_record/migration.rb:554:in `call'
actionpack (5.2.3) lib/action_dispatch/middleware/callbacks.rb:28:in `block in call'
activesupport (5.2.3) lib/active_support/callbacks.rb:98:in `run_callbacks'
actionpack (5.2.3) lib/action_dispatch/middleware/callbacks.rb:26:in `call'
actionpack (5.2.3) lib/action_dispatch/middleware/executor.rb:14:in `call'
actionpack (5.2.3) lib/action_dispatch/middleware/debug_exceptions.rb:61:in `call'
web-console (3.7.0) lib/web_console/middleware.rb:135:in `call_app'
web-console (3.7.0) lib/web_console/middleware.rb:30:in `block in call'
web-console (3.7.0) lib/web_console/middleware.rb:20:in `catch'
web-console (3.7.0) lib/web_console/middleware.rb:20:in `call'
actionpack (5.2.3) lib/action_dispatch/middleware/show_exceptions.rb:33:in `call'
railties (5.2.3) lib/rails/rack/logger.rb:38:in `call_app'
railties (5.2.3) lib/rails/rack/logger.rb:26:in `block in call'
activesupport (5.2.3) lib/active_support/tagged_logging.rb:71:in `block in tagged'
activesupport (5.2.3) lib/active_support/tagged_logging.rb:28:in `tagged'
activesupport (5.2.3) lib/active_support/tagged_logging.rb:71:in `tagged'
railties (5.2.3) lib/rails/rack/logger.rb:26:in `call'
sprockets-rails (3.2.1) lib/sprockets/rails/quiet_assets.rb:13:in `call'
actionpack (5.2.3) lib/action_dispatch/middleware/remote_ip.rb:81:in `call'
actionpack (5.2.3) lib/action_dispatch/middleware/request_id.rb:27:in `call'
rack (2.0.7) lib/rack/method_override.rb:22:in `call'
rack (2.0.7) lib/rack/runtime.rb:22:in `call'
activesupport (5.2.3) lib/active_support/cache/strategy/local_cache_middleware.rb:29:in `call'
actionpack (5.2.3) lib/action_dispatch/middleware/executor.rb:14:in `call'
actionpack (5.2.3) lib/action_dispatch/middleware/static.rb:127:in `call'
rack (2.0.7) lib/rack/sendfile.rb:111:in `call'
railties (5.2.3) lib/rails/engine.rb:524:in `call'
puma (3.12.1) lib/puma/configuration.rb:227:in `call'
puma (3.12.1) lib/puma/server.rb:660:in `handle_request'
puma (3.12.1) lib/puma/server.rb:474:in `process_client'
puma (3.12.1) lib/puma/server.rb:334:in `block in run'
puma (3.12.1) lib/puma/thread_pool.rb:135:in `block in spawn_thread'
  [1m[35m (441.1ms)[0m  [1m[35mCREATE DATABASE "db/development" ENCODING = 'utf8'[0m
  ↳ /Users/redlhota/.rvm/gems/ruby-2.6.1/bin/rake:23
  [1m[35m (334.5ms)[0m  [1m[35mCREATE DATABASE "db/test" ENCODING = 'utf8'[0m
  ↳ /Users/redlhota/.rvm/gems/ruby-2.6.1/bin/rake:23
Started GET "/" for ::1 at 2019-11-05 12:19:22 -0800
Processing by HomeController#index as HTML
  Rendering home/index.html.erb within layouts/application
  Rendered home/index.html.erb within layouts/application (2.0ms)
Completed 200 OK in 1404ms (Views: 1396.5ms | ActiveRecord: 0.0ms)


Started GET "/" for ::1 at 2019-11-05 12:46:44 -0800
  
ActiveRecord::PendingMigrationError (

Migrations are pending. To resolve this issue, run:

        bin/rails db:migrate RAILS_ENV=development

):
  
activerecord (5.2.3) lib/active_record/migration.rb:579:in `check_pending!'
activerecord (5.2.3) lib/active_record/migration.rb:556:in `call'
actionpack (5.2.3) lib/action_dispatch/middleware/callbacks.rb:28:in `block in call'
activesupport (5.2.3) lib/active_support/callbacks.rb:98:in `run_callbacks'
actionpack (5.2.3) lib/action_dispatch/middleware/callbacks.rb:26:in `call'
actionpack (5.2.3) lib/action_dispatch/middleware/executor.rb:14:in `call'
actionpack (5.2.3) lib/action_dispatch/middleware/debug_exceptions.rb:61:in `call'
web-console (3.7.0) lib/web_console/middleware.rb:135:in `call_app'
web-console (3.7.0) lib/web_console/middleware.rb:30:in `block in call'
web-console (3.7.0) lib/web_console/middleware.rb:20:in `catch'
web-console (3.7.0) lib/web_console/middleware.rb:20:in `call'
actionpack (5.2.3) lib/action_dispatch/middleware/show_exceptions.rb:33:in `call'
railties (5.2.3) lib/rails/rack/logger.rb:38:in `call_app'
railties (5.2.3) lib/rails/rack/logger.rb:26:in `block in call'
activesupport (5.2.3) lib/active_support/tagged_logging.rb:71:in `block in tagged'
activesupport (5.2.3) lib/active_support/tagged_logging.rb:28:in `tagged'
activesupport (5.2.3) lib/active_support/tagged_logging.rb:71:in `tagged'
railties (5.2.3) lib/rails/rack/logger.rb:26:in `call'
sprockets-rails (3.2.1) lib/sprockets/rails/quiet_assets.rb:13:in `call'
actionpack (5.2.3) lib/action_dispatch/middleware/remote_ip.rb:81:in `call'
actionpack (5.2.3) lib/action_dispatch/middleware/request_id.rb:27:in `call'
rack (2.0.7) lib/rack/method_override.rb:22:in `call'
rack (2.0.7) lib/rack/runtime.rb:22:in `call'
activesupport (5.2.3) lib/active_support/cache/strategy/local_cache_middleware.rb:29:in `call'
actionpack (5.2.3) lib/action_dispatch/middleware/executor.rb:14:in `call'
actionpack (5.2.3) lib/action_dispatch/middleware/static.rb:127:in `call'
rack (2.0.7) lib/rack/sendfile.rb:111:in `call'
railties (5.2.3) lib/rails/engine.rb:524:in `call'
puma (3.12.1) lib/puma/configuration.rb:227:in `call'
puma (3.12.1) lib/puma/server.rb:660:in `handle_request'
puma (3.12.1) lib/puma/server.rb:474:in `process_client'
puma (3.12.1) lib/puma/server.rb:334:in `block in run'
puma (3.12.1) lib/puma/thread_pool.rb:135:in `block in spawn_thread'
  [1m[35m (80.5ms)[0m  [1m[35mCREATE TABLE "schema_migrations" ("version" character varying NOT NULL PRIMARY KEY)[0m
  ↳ /Users/redlhota/.rvm/gems/ruby-2.6.1/bin/rake:23
  [1m[35m (6.4ms)[0m  [1m[35mCREATE TABLE "ar_internal_metadata" ("key" character varying NOT NULL PRIMARY KEY, "value" character varying, "created_at" timestamp NOT NULL, "updated_at" timestamp NOT NULL)[0m
  ↳ /Users/redlhota/.rvm/gems/ruby-2.6.1/bin/rake:23
  [1m[35m (2.7ms)[0m  [1m[34mSELECT pg_try_advisory_lock(8115692404137957555)[0m
  ↳ /Users/redlhota/.rvm/gems/ruby-2.6.1/bin/rake:23
  [1m[35m (2.9ms)[0m  [1m[34mSELECT "schema_migrations"."version" FROM "schema_migrations" ORDER BY "schema_migrations"."version" ASC[0m
  ↳ /Users/redlhota/.rvm/gems/ruby-2.6.1/bin/rake:23
Migrating to CreateUsers (20191105202814)
  [1m[35m (0.6ms)[0m  [1m[35mBEGIN[0m
  ↳ /Users/redlhota/.rvm/gems/ruby-2.6.1/bin/rake:23
  [1m[35m (26.9ms)[0m  [1m[35mCREATE TABLE "users" ("id" bigserial primary key, "email" character varying, "name" character varying, "password_digest" character varying, "created_at" timestamp NOT NULL, "updated_at" timestamp NOT NULL)[0m
  ↳ db/migrate/20191105202814_create_users.rb:3
  [1m[36mActiveRecord::SchemaMigration Create (6.8ms)[0m  [1m[32mINSERT INTO "schema_migrations" ("version") VALUES ($1) RETURNING "version"[0m  [["version", "20191105202814"]]
  ↳ /Users/redlhota/.rvm/gems/ruby-2.6.1/bin/rake:23
  [1m[35m (0.6ms)[0m  [1m[35mCOMMIT[0m
  ↳ /Users/redlhota/.rvm/gems/ruby-2.6.1/bin/rake:23
  [1m[36mActiveRecord::InternalMetadata Load (0.9ms)[0m  [1m[34mSELECT  "ar_internal_metadata".* FROM "ar_internal_metadata" WHERE "ar_internal_metadata"."key" = $1 LIMIT $2[0m  [["key", "environment"], ["LIMIT", 1]]
  ↳ /Users/redlhota/.rvm/gems/ruby-2.6.1/bin/rake:23
  [1m[35m (0.2ms)[0m  [1m[35mBEGIN[0m
  ↳ /Users/redlhota/.rvm/gems/ruby-2.6.1/bin/rake:23
  [1m[36mActiveRecord::InternalMetadata Create (3.1ms)[0m  [1m[32mINSERT INTO "ar_internal_metadata" ("key", "value", "created_at", "updated_at") VALUES ($1, $2, $3, $4) RETURNING "key"[0m  [["key", "environment"], ["value", "development"], ["created_at", "2019-11-05 20:47:01.642294"], ["updated_at", "2019-11-05 20:47:01.642294"]]
  ↳ /Users/redlhota/.rvm/gems/ruby-2.6.1/bin/rake:23
  [1m[35m (0.5ms)[0m  [1m[35mCOMMIT[0m
  ↳ /Users/redlhota/.rvm/gems/ruby-2.6.1/bin/rake:23
  [1m[35m (0.3ms)[0m  [1m[34mSELECT pg_advisory_unlock(8115692404137957555)[0m
  ↳ /Users/redlhota/.rvm/gems/ruby-2.6.1/bin/rake:23
  [1m[35m (1.0ms)[0m  [1m[34mSELECT "schema_migrations"."version" FROM "schema_migrations" ORDER BY "schema_migrations"."version" ASC[0m
  ↳ /Users/redlhota/.rvm/gems/ruby-2.6.1/bin/rake:23
Started GET "/" for ::1 at 2019-11-05 12:52:29 -0800
  [1m[35m (2.5ms)[0m  [1m[34mSELECT "schema_migrations"."version" FROM "schema_migrations" ORDER BY "schema_migrations"."version" ASC[0m
  ↳ /Users/redlhota/.rvm/gems/ruby-2.6.1/gems/activerecord-5.2.3/lib/active_record/log_subscriber.rb:98
Processing by HomeController#index as HTML
  Rendering home/index.html.erb within layouts/application
  Rendered home/index.html.erb within layouts/application (543.3ms)
Completed 500 Internal Server Error in 560ms (ActiveRecord: 0.0ms)


  
ActionView::Template::Error (undefined local variable or method `current_user' for #<#<Class:0x00007fcf64556bb8>:0x00007fcf63533858>
Did you mean?  current_page?):
    2: <p>This will eventually be a functional landing page</p>
    3: 
    4: <div class="homepage">
    5:   <% if current_user == nil %>
    6:     <p class="links"><%= link_to 'Create an Account', new_user_path %></p>
    7:   <% end %>
    8: </div>
  
app/views/home/index.html.erb:5:in `_app_views_home_index_html_erb__1907359202277686507_70264350662920'
Started GET "/" for ::1 at 2019-11-05 12:53:50 -0800
Processing by HomeController#index as HTML
  Rendering home/index.html.erb within layouts/application
  Rendered home/index.html.erb within layouts/application (540.6ms)
Completed 500 Internal Server Error in 549ms (ActiveRecord: 0.0ms)


  
ActionView::Template::Error (undefined local variable or method `current_user' for #<#<Class:0x00007fcf68085d88>:0x00007fcf68084460>
Did you mean?  current_page?):
    2: <p>This will eventually be a functional landing page</p>
    3: 
    4: <div class="homepage">
    5:   <% if current_user == nil %>
    6:     <p class="links"><%= link_to 'Create an Account', new_user_path %></p>
    7:   <% end %>
    8: </div>
  
app/views/home/index.html.erb:5:in `_app_views_home_index_html_erb__1907359202277686507_70264390169200'
Started GET "/" for ::1 at 2019-11-05 12:54:09 -0800
  [1m[35m (1.2ms)[0m  [1m[34mSELECT "schema_migrations"."version" FROM "schema_migrations" ORDER BY "schema_migrations"."version" ASC[0m
  ↳ /Users/redlhota/.rvm/gems/ruby-2.6.1/gems/activerecord-5.2.3/lib/active_record/log_subscriber.rb:98
Processing by HomeController#index as HTML
  Rendering home/index.html.erb within layouts/application
  Rendered home/index.html.erb within layouts/application (509.3ms)
Completed 500 Internal Server Error in 523ms (ActiveRecord: 0.0ms)


  
ActionView::Template::Error (undefined local variable or method `current_user' for #<#<Class:0x00007ffa80594098>:0x00007ffa7fe09c38>
Did you mean?  current_page?):
    2: <p>This will eventually be a functional landing page</p>
    3: 
    4: <div class="homepage">
    5:   <% if current_user == nil %>
    6:     <p class="links"><%= link_to 'Create an Account', new_user_path %></p>
    7:   <% end %>
    8: </div>
  
app/views/home/index.html.erb:5:in `_app_views_home_index_html_erb___1856922300625682217_70356935945640'
Started GET "/" for ::1 at 2019-11-05 12:56:49 -0800
Processing by HomeController#index as HTML
  Rendering home/index.html.erb within layouts/application
  Rendered home/index.html.erb within layouts/application (1.4ms)
Completed 200 OK in 884ms (Views: 882.3ms | ActiveRecord: 0.0ms)


Started GET "/users/new" for ::1 at 2019-11-05 12:56:53 -0800
Processing by UsersController#new as HTML
  Rendering users/new.html.erb within layouts/application
  Rendered users/_form.html.erb (194.4ms)
  Rendered users/new.html.erb within layouts/application (199.5ms)
Completed 200 OK in 362ms (Views: 327.8ms | ActiveRecord: 14.9ms)


Started POST "/users" for ::1 at 2019-11-05 12:57:11 -0800
Processing by UsersController#create as HTML
  Parameters: {"utf8"=>"✓", "authenticity_token"=>"ITihc4jJrShF59yIT2ZyL53A3+BiMhJNxHcEnlXKLaJz8tzpVDLJXZKQGCZb7Qym8iufLixUi++2uUfbm51AXA==", "user"=>{"email"=>"rlhota13@gmail.com", "name"=>"Red", "password"=>"[FILTERED]"}, "commit"=>"Save User"}
  [1m[35m (0.6ms)[0m  [1m[35mBEGIN[0m
  ↳ app/controllers/users_controller.rb:30
  [1m[35m (0.6ms)[0m  [1m[31mROLLBACK[0m
  ↳ app/controllers/users_controller.rb:30
Completed 500 Internal Server Error in 104ms (ActiveRecord: 1.2ms)


  
NoMethodError (undefined method `user_type' for #<User:0x00007ffa814ee7f0>):
  
app/controllers/users_controller.rb:30:in `block in create'
app/controllers/users_controller.rb:29:in `create'
Started GET "/users" for ::1 at 2019-11-05 12:57:49 -0800
Processing by UsersController#index as HTML
  Rendering users/index.html.erb within layouts/application
  Rendered users/index.html.erb within layouts/application (2.8ms)
Completed 500 Internal Server Error in 11ms (ActiveRecord: 0.0ms)


  
ActionView::Template::Error (undefined method `each' for nil:NilClass):
    13:   </thead>
    14: 
    15:   <tbody>
    16:     <% @users.each do |user| %>
    17:       <tr>
    18:         <td><%= user.email %></td>
    19:         <td><%= user.name %></td>
  
app/views/users/index.html.erb:16:in `_app_views_users_index_html_erb___3298809103332395787_70356968747200'
Started GET "/" for ::1 at 2019-11-05 12:57:52 -0800
Processing by HomeController#index as HTML
  Rendering home/index.html.erb within layouts/application
  Rendered home/index.html.erb within layouts/application (0.7ms)
Completed 200 OK in 56ms (Views: 53.3ms | ActiveRecord: 0.0ms)


Started GET "/users/new" for ::1 at 2019-11-05 12:58:00 -0800
Processing by UsersController#new as HTML
  Rendering users/new.html.erb within layouts/application
  Rendered users/_form.html.erb (45.1ms)
  Rendered users/new.html.erb within layouts/application (51.0ms)
Completed 200 OK in 292ms (Views: 257.3ms | ActiveRecord: 11.9ms)


Started POST "/users" for ::1 at 2019-11-05 12:58:11 -0800
Processing by UsersController#create as HTML
  Parameters: {"utf8"=>"✓", "authenticity_token"=>"ZueQRqprM6z3ufNFo09sY2x3/Yg26foLFDHQljkW0x80Le3cdpBX2SDON+u3xBLqA5y9RniPY6lm/5PT90G+4Q==", "user"=>{"email"=>"rlhota13@gmail.com", "name"=>"Red", "password"=>"[FILTERED]"}, "commit"=>"Save User"}
  [1m[35m (0.6ms)[0m  [1m[35mBEGIN[0m
  ↳ app/controllers/users_controller.rb:30
  [1m[36mUser Exists (3.5ms)[0m  [1m[34mSELECT  1 AS one FROM "users" WHERE LOWER("users"."email") = LOWER($1) LIMIT $2[0m  [["email", "rlhota13@gmail.com"], ["LIMIT", 1]]
  ↳ app/controllers/users_controller.rb:30
  [1m[36mUser Exists (0.9ms)[0m  [1m[34mSELECT  1 AS one FROM "users" WHERE LOWER("users"."name") = LOWER($1) LIMIT $2[0m  [["name", "Red"], ["LIMIT", 1]]
  ↳ app/controllers/users_controller.rb:30
  [1m[36mUser Create (2.6ms)[0m  [1m[32mINSERT INTO "users" ("email", "name", "password_digest", "created_at", "updated_at") VALUES ($1, $2, $3, $4, $5) RETURNING "id"[0m  [["email", "rlhota13@gmail.com"], ["name", "Red"], ["password_digest", "$2a$10$f3Wb8UuCEdy9fkKP7Bc67.KWV0XXcFs/ZH0PvUOgAqREMLTDO3bAe"], ["created_at", "2019-11-05 20:58:11.837195"], ["updated_at", "2019-11-05 20:58:11.837195"]]
  ↳ app/controllers/users_controller.rb:30
  [1m[35m (1.2ms)[0m  [1m[35mCOMMIT[0m
  ↳ app/controllers/users_controller.rb:30
Redirected to http://localhost:3000/login
Completed 406 Not Acceptable in 122ms (ActiveRecord: 24.5ms)


  
ActionController::UnknownFormat (ActionController::UnknownFormat):
  
app/controllers/users_controller.rb:29:in `create'
Started GET "/users/new" for ::1 at 2019-11-05 12:59:12 -0800
Processing by UsersController#new as HTML
  Rendering users/new.html.erb within layouts/application
  Rendered users/_form.html.erb (32.5ms)
  Rendered users/new.html.erb within layouts/application (41.6ms)
Completed 200 OK in 258ms (Views: 226.7ms | ActiveRecord: 12.3ms)


Started POST "/users" for ::1 at 2019-11-05 12:59:25 -0800
Processing by UsersController#create as HTML
  Parameters: {"utf8"=>"✓", "authenticity_token"=>"Y7ltJktxwycDSM5eSkdj0LLNxfAufDYBuxbvWZHacEg/6Nff85osD6VYv7tYuhzduqJ80af2zbWd4FeohWLlug==", "user"=>{"email"=>"rlhota13@gmail.com", "name"=>"Red", "password"=>"[FILTERED]"}, "commit"=>"Save User"}
  [1m[35m (0.5ms)[0m  [1m[35mBEGIN[0m
  ↳ app/controllers/users_controller.rb:28
  [1m[36mUser Exists (2.9ms)[0m  [1m[34mSELECT  1 AS one FROM "users" WHERE LOWER("users"."email") = LOWER($1) LIMIT $2[0m  [["email", "rlhota13@gmail.com"], ["LIMIT", 1]]
  ↳ app/controllers/users_controller.rb:28
  [1m[36mUser Exists (1.3ms)[0m  [1m[34mSELECT  1 AS one FROM "users" WHERE LOWER("users"."name") = LOWER($1) LIMIT $2[0m  [["name", "Red"], ["LIMIT", 1]]
  ↳ app/controllers/users_controller.rb:28
  [1m[35m (0.5ms)[0m  [1m[31mROLLBACK[0m
  ↳ app/controllers/users_controller.rb:28
  Rendering users/new.html.erb within layouts/application
  Rendered users/_form.html.erb (30.7ms)
  Rendered users/new.html.erb within layouts/application (37.3ms)
Completed 200 OK in 315ms (Views: 189.5ms | ActiveRecord: 5.2ms)


Started GET "/login" for ::1 at 2019-11-05 12:59:30 -0800
Processing by AuthController#new as HTML
  Rendering auth/login.html.erb within layouts/application
  Rendered auth/login.html.erb within layouts/application (11.4ms)
Completed 200 OK in 68ms (Views: 67.1ms | ActiveRecord: 0.0ms)


Started POST "/login" for ::1 at 2019-11-05 12:59:39 -0800
Processing by AuthController#login as HTML
  Parameters: {"utf8"=>"✓", "authenticity_token"=>"3cAmsHQYHT6e8c2ZInCI0q0twI8XN8/AigJM63mRAHPn4zXGVdWqM9eNBTvbcGB0ORY2chkL5jHqGMZJ/rhNEQ==", "user"=>{"email"=>"rlhota13@gmail.com", "password"=>"[FILTERED]"}, "button"=>""}
  [1m[36mUser Load (1.5ms)[0m  [1m[34mSELECT  "users".* FROM "users" WHERE "users"."email" = $1 LIMIT $2[0m  [["email", "rlhota13@gmail.com"], ["LIMIT", 1]]
  ↳ app/controllers/auth_controller.rb:16
Redirected to http://localhost:3000/
Completed 302 Found in 104ms (ActiveRecord: 2.1ms)


Started GET "/" for ::1 at 2019-11-05 12:59:39 -0800
Processing by HomeController#index as HTML
  Rendering home/index.html.erb within layouts/application
  [1m[36mUser Load (1.2ms)[0m  [1m[34mSELECT  "users".* FROM "users" WHERE "users"."id" = $1 LIMIT $2[0m  [["id", 1], ["LIMIT", 1]]
  ↳ app/controllers/application_controller.rb:8
  Rendered home/index.html.erb within layouts/application (34.3ms)
Completed 200 OK in 135ms (Views: 118.8ms | ActiveRecord: 1.2ms)


Started GET "/logout" for ::1 at 2019-11-05 12:59:55 -0800
Processing by AuthController#logout as HTML
Redirected to http://localhost:3000/login
Completed 302 Found in 1ms (ActiveRecord: 0.0ms)


Started GET "/login" for ::1 at 2019-11-05 12:59:55 -0800
Processing by AuthController#new as HTML
  Rendering auth/login.html.erb within layouts/application
  Rendered auth/login.html.erb within layouts/application (17.6ms)
Completed 200 OK in 91ms (Views: 89.4ms | ActiveRecord: 0.0ms)


Started GET "/users/new" for ::1 at 2019-11-05 12:59:57 -0800
Processing by UsersController#new as HTML
  Rendering users/new.html.erb within layouts/application
  Rendered users/_form.html.erb (19.9ms)
  Rendered users/new.html.erb within layouts/application (23.5ms)
Completed 200 OK in 58ms (Views: 56.0ms | ActiveRecord: 0.0ms)


Started POST "/users" for ::1 at 2019-11-05 13:00:06 -0800
Processing by UsersController#create as HTML
  Parameters: {"utf8"=>"✓", "authenticity_token"=>"xjBc3S/8gt7BJsIJQMYBUxh3/ugIJc/3Mn+vyhpL+jOU+iFH8wfmqxZRBqdUTX/ad5y+JkZDVlVAseyP1ByXzQ==", "user"=>{"email"=>"red@caltech.edu", "name"=>"Red", "password"=>"[FILTERED]"}, "commit"=>"Save User"}
  [1m[35m (0.5ms)[0m  [1m[35mBEGIN[0m
  ↳ app/controllers/users_controller.rb:28
  [1m[36mUser Exists (0.9ms)[0m  [1m[34mSELECT  1 AS one FROM "users" WHERE LOWER("users"."email") = LOWER($1) LIMIT $2[0m  [["email", "red@caltech.edu"], ["LIMIT", 1]]
  ↳ app/controllers/users_controller.rb:28
  [1m[36mUser Exists (1.1ms)[0m  [1m[34mSELECT  1 AS one FROM "users" WHERE LOWER("users"."name") = LOWER($1) LIMIT $2[0m  [["name", "Red"], ["LIMIT", 1]]
  ↳ app/controllers/users_controller.rb:28
  [1m[35m (0.9ms)[0m  [1m[31mROLLBACK[0m
  ↳ app/controllers/users_controller.rb:28
  Rendering users/new.html.erb within layouts/application
  Rendered users/_form.html.erb (24.3ms)
  Rendered users/new.html.erb within layouts/application (28.4ms)
Completed 200 OK in 196ms (Views: 95.4ms | ActiveRecord: 3.4ms)


Started POST "/users" for ::1 at 2019-11-05 13:00:11 -0800
Processing by UsersController#create as HTML
  Parameters: {"utf8"=>"✓", "authenticity_token"=>"h82MHaY8tIPmsKTxzWFLslSDaIXhczSx9PsOAk99Rr/bnDbkHtdbq0Cg1RTfnDS/XOzRpGj5zwXSDbbzW8XTTQ==", "user"=>{"email"=>"red@caltech.edu", "name"=>"Red2", "password"=>"[FILTERED]"}, "commit"=>"Save User"}
  [1m[35m (0.2ms)[0m  [1m[35mBEGIN[0m
  ↳ app/controllers/users_controller.rb:28
  [1m[36mUser Exists (0.6ms)[0m  [1m[34mSELECT  1 AS one FROM "users" WHERE LOWER("users"."email") = LOWER($1) LIMIT $2[0m  [["email", "red@caltech.edu"], ["LIMIT", 1]]
  ↳ app/controllers/users_controller.rb:28
  [1m[36mUser Exists (0.7ms)[0m  [1m[34mSELECT  1 AS one FROM "users" WHERE LOWER("users"."name") = LOWER($1) LIMIT $2[0m  [["name", "Red2"], ["LIMIT", 1]]
  ↳ app/controllers/users_controller.rb:28
  [1m[36mUser Create (4.2ms)[0m  [1m[32mINSERT INTO "users" ("email", "name", "password_digest", "created_at", "updated_at") VALUES ($1, $2, $3, $4, $5) RETURNING "id"[0m  [["email", "red@caltech.edu"], ["name", "Red2"], ["password_digest", "$2a$10$.gdy81GRAFxgsnDLcOdooulEBL6K6CnJ996lY6dhDI5NFSI5JsmAy"], ["created_at", "2019-11-05 21:00:11.403034"], ["updated_at", "2019-11-05 21:00:11.403034"]]
  ↳ app/controllers/users_controller.rb:28
  [1m[35m (2.6ms)[0m  [1m[35mCOMMIT[0m
  ↳ app/controllers/users_controller.rb:28
Redirected to http://localhost:3000/
Completed 302 Found in 117ms (ActiveRecord: 8.3ms)


Started GET "/" for ::1 at 2019-11-05 13:00:11 -0800
Processing by HomeController#index as HTML
  Rendering home/index.html.erb within layouts/application
  Rendered home/index.html.erb within layouts/application (0.6ms)
Completed 200 OK in 57ms (Views: 54.2ms | ActiveRecord: 0.0ms)


Started GET "/login" for ::1 at 2019-11-05 13:00:14 -0800
Processing by AuthController#new as HTML
  Rendering auth/login.html.erb within layouts/application
  Rendered auth/login.html.erb within layouts/application (27.3ms)
Completed 200 OK in 114ms (Views: 113.7ms | ActiveRecord: 0.0ms)


Started POST "/login" for ::1 at 2019-11-05 13:00:21 -0800
Processing by AuthController#login as HTML
  Parameters: {"utf8"=>"✓", "authenticity_token"=>"FrxSQTmT3a3t02qW71m2wbmmy6TM5JYkD8tc4Yf3ObAsn0E3GF5qoKSvojQWWV5nLZ09WcLYv9Vv0dZDAN500g==", "user"=>{"email"=>"red@caltech.edu", "password"=>"[FILTERED]"}, "button"=>""}
  [1m[36mUser Load (1.1ms)[0m  [1m[34mSELECT  "users".* FROM "users" WHERE "users"."email" = $1 LIMIT $2[0m  [["email", "red@caltech.edu"], ["LIMIT", 1]]
  ↳ app/controllers/auth_controller.rb:16
  Rendering auth/login.html.erb within layouts/application
  Rendered auth/login.html.erb within layouts/application (86.7ms)
Completed 200 OK in 285ms (Views: 174.2ms | ActiveRecord: 1.1ms)


Started POST "/login" for ::1 at 2019-11-05 13:00:23 -0800
Processing by AuthController#login as HTML
  Parameters: {"utf8"=>"✓", "authenticity_token"=>"1EYEWn/PuJXV/7TbTla1LiQaviJ1IFuJHZTng3ZwihGIF76jxyRXvXPvxT5cq8ojLHUHA/yqoD07Yl9yYsgf4w==", "user"=>{"email"=>"red@caltech.edu", "password"=>"[FILTERED]"}, "button"=>""}
  [1m[36mUser Load (0.9ms)[0m  [1m[34mSELECT  "users".* FROM "users" WHERE "users"."email" = $1 LIMIT $2[0m  [["email", "red@caltech.edu"], ["LIMIT", 1]]
  ↳ app/controllers/auth_controller.rb:16
Redirected to http://localhost:3000/
Completed 302 Found in 93ms (ActiveRecord: 0.9ms)


Started GET "/" for ::1 at 2019-11-05 13:00:24 -0800
Processing by HomeController#index as HTML
  Rendering home/index.html.erb within layouts/application
  [1m[36mUser Load (1.8ms)[0m  [1m[34mSELECT  "users".* FROM "users" WHERE "users"."id" = $1 LIMIT $2[0m  [["id", 2], ["LIMIT", 1]]
  ↳ app/controllers/application_controller.rb:8
  Rendered home/index.html.erb within layouts/application (7.0ms)
Completed 200 OK in 98ms (Views: 89.4ms | ActiveRecord: 1.8ms)


Started GET "/logout" for ::1 at 2019-11-05 13:00:27 -0800
Processing by AuthController#logout as HTML
Redirected to http://localhost:3000/login
Completed 302 Found in 2ms (ActiveRecord: 0.0ms)


Started GET "/login" for ::1 at 2019-11-05 13:00:27 -0800
Processing by AuthController#new as HTML
  Rendering auth/login.html.erb within layouts/application
  Rendered auth/login.html.erb within layouts/application (18.2ms)
Completed 200 OK in 112ms (Views: 110.0ms | ActiveRecord: 0.0ms)


Started POST "/login" for ::1 at 2019-11-05 13:00:40 -0800
Processing by AuthController#login as HTML
  Parameters: {"utf8"=>"✓", "authenticity_token"=>"pv01KWpX9XHmfmCiEltakd2413kLUqhphLEEKMoTZM6c3iZfS5pCfK8CqADrW7I3SYMhhAVugZjkq46KTToprA==", "user"=>{"email"=>"rlhota13@gmail.com", "password"=>"[FILTERED]"}, "button"=>""}
  [1m[36mUser Load (0.5ms)[0m  [1m[34mSELECT  "users".* FROM "users" WHERE "users"."email" = $1 LIMIT $2[0m  [["email", "rlhota13@gmail.com"], ["LIMIT", 1]]
  ↳ app/controllers/auth_controller.rb:16
Redirected to http://localhost:3000/
Completed 302 Found in 81ms (ActiveRecord: 0.5ms)


Started GET "/" for ::1 at 2019-11-05 13:00:40 -0800
Processing by HomeController#index as HTML
  Rendering home/index.html.erb within layouts/application
  [1m[36mUser Load (0.5ms)[0m  [1m[34mSELECT  "users".* FROM "users" WHERE "users"."id" = $1 LIMIT $2[0m  [["id", 1], ["LIMIT", 1]]
  ↳ app/controllers/application_controller.rb:8
  Rendered home/index.html.erb within layouts/application (1.9ms)
Completed 200 OK in 59ms (Views: 57.4ms | ActiveRecord: 0.5ms)


Started GET "/logout" for ::1 at 2019-11-05 13:01:22 -0800
Processing by AuthController#logout as HTML
Redirected to http://localhost:3000/login
Completed 302 Found in 2ms (ActiveRecord: 0.0ms)


Started GET "/login" for ::1 at 2019-11-05 13:01:22 -0800
Processing by AuthController#new as HTML
  Rendering auth/login.html.erb within layouts/application
  Rendered auth/login.html.erb within layouts/application (10.5ms)
Completed 200 OK in 115ms (Views: 111.7ms | ActiveRecord: 0.0ms)


Started GET "/users/new" for ::1 at 2019-11-05 13:01:25 -0800
Processing by UsersController#new as HTML
  Rendering users/new.html.erb within layouts/application
  Rendered users/_form.html.erb (14.4ms)
  Rendered users/new.html.erb within layouts/application (16.2ms)
Completed 200 OK in 83ms (Views: 56.2ms | ActiveRecord: 9.7ms)


Started POST "/users" for ::1 at 2019-11-05 13:01:29 -0800
Processing by UsersController#create as HTML
  Parameters: {"utf8"=>"✓", "authenticity_token"=>"pF4wzu76+u710pNpqxj3w12UeG6/eiIxETyTYyYq6V/2lE1UMgGemyKlV8e/k4lKMn84oPEcu5Nj8tAm6H2EoQ==", "user"=>{"email"=>"r", "name"=>"r", "password"=>"[FILTERED]"}, "commit"=>"Save User"}
  [1m[35m (0.4ms)[0m  [1m[35mBEGIN[0m
  ↳ app/controllers/users_controller.rb:28
  [1m[36mUser Exists (1.0ms)[0m  [1m[34mSELECT  1 AS one FROM "users" WHERE LOWER("users"."email") = LOWER($1) LIMIT $2[0m  [["email", "r"], ["LIMIT", 1]]
  ↳ app/controllers/users_controller.rb:28
  [1m[36mUser Exists (0.7ms)[0m  [1m[34mSELECT  1 AS one FROM "users" WHERE LOWER("users"."name") = LOWER($1) LIMIT $2[0m  [["name", "r"], ["LIMIT", 1]]
  ↳ app/controllers/users_controller.rb:28
  [1m[36mUser Create (0.5ms)[0m  [1m[32mINSERT INTO "users" ("email", "name", "password_digest", "created_at", "updated_at") VALUES ($1, $2, $3, $4, $5) RETURNING "id"[0m  [["email", "r"], ["name", "r"], ["password_digest", "$2a$10$WTJVDQBOwGssQIP6flH7cOyM1.o1me7TmmSLdAWFErhtWVpXKv/HC"], ["created_at", "2019-11-05 21:01:29.132508"], ["updated_at", "2019-11-05 21:01:29.132508"]]
  ↳ app/controllers/users_controller.rb:28
  [1m[35m (2.4ms)[0m  [1m[35mCOMMIT[0m
  ↳ app/controllers/users_controller.rb:28
Redirected to http://localhost:3000/
Completed 302 Found in 94ms (ActiveRecord: 5.0ms)


Started GET "/" for ::1 at 2019-11-05 13:01:29 -0800
Processing by HomeController#index as HTML
  Rendering home/index.html.erb within layouts/application
  Rendered home/index.html.erb within layouts/application (1.1ms)
Completed 200 OK in 50ms (Views: 47.6ms | ActiveRecord: 0.0ms)


Started GET "/login" for ::1 at 2019-11-05 13:01:31 -0800
Processing by AuthController#new as HTML
  Rendering auth/login.html.erb within layouts/application
  Rendered auth/login.html.erb within layouts/application (9.2ms)
Completed 200 OK in 40ms (Views: 39.4ms | ActiveRecord: 0.0ms)


Started POST "/login" for ::1 at 2019-11-05 13:01:34 -0800
Processing by AuthController#login as HTML
  Parameters: {"utf8"=>"✓", "authenticity_token"=>"6AU2sC56XeLA/u9edDBibbbrZD6cGIfDZYH8EGE6Y4jSJiXGD7fq74mCJ/yNMIrLItCSw5IkrjIFm3ay5hMu6g==", "user"=>{"email"=>"r", "password"=>"[FILTERED]"}, "button"=>""}
  [1m[36mUser Load (0.5ms)[0m  [1m[34mSELECT  "users".* FROM "users" WHERE "users"."email" = $1 LIMIT $2[0m  [["email", "r"], ["LIMIT", 1]]
  ↳ app/controllers/auth_controller.rb:16
  Rendering auth/login.html.erb within layouts/application
  Rendered auth/login.html.erb within layouts/application (18.2ms)
Completed 200 OK in 245ms (Views: 135.9ms | ActiveRecord: 0.5ms)


Started POST "/login" for ::1 at 2019-11-05 13:01:38 -0800
Processing by AuthController#login as HTML
  Parameters: {"utf8"=>"✓", "authenticity_token"=>"KO4YAcpwNeLkaSsuYyIac94spsu3JKxoyQOJ0XZon8p0v6L4cpvaykJ5Wstx32V+1kMf6j6uV9zv9TEgYtAKOA==", "user"=>{"email"=>"r", "password"=>"[FILTERED]"}, "button"=>""}
  [1m[36mUser Load (0.4ms)[0m  [1m[34mSELECT  "users".* FROM "users" WHERE "users"."email" = $1 LIMIT $2[0m  [["email", "r"], ["LIMIT", 1]]
  ↳ app/controllers/auth_controller.rb:16
Redirected to http://localhost:3000/
Completed 302 Found in 82ms (ActiveRecord: 0.4ms)


Started GET "/" for ::1 at 2019-11-05 13:01:38 -0800
Processing by HomeController#index as HTML
  Rendering home/index.html.erb within layouts/application
  [1m[36mUser Load (0.5ms)[0m  [1m[34mSELECT  "users".* FROM "users" WHERE "users"."id" = $1 LIMIT $2[0m  [["id", 3], ["LIMIT", 1]]
  ↳ app/controllers/application_controller.rb:8
  Rendered home/index.html.erb within layouts/application (2.7ms)
Completed 200 OK in 102ms (Views: 98.3ms | ActiveRecord: 0.5ms)


Started GET "/logout" for ::1 at 2019-11-05 13:01:44 -0800
Processing by AuthController#logout as HTML
Redirected to http://localhost:3000/login
Completed 302 Found in 1ms (ActiveRecord: 0.0ms)


Started GET "/login" for ::1 at 2019-11-05 13:01:44 -0800
Processing by AuthController#new as HTML
  Rendering auth/login.html.erb within layouts/application
  Rendered auth/login.html.erb within layouts/application (15.9ms)
Completed 200 OK in 73ms (Views: 71.3ms | ActiveRecord: 0.0ms)


Started GET "/" for ::1 at 2019-11-05 13:02:20 -0800
Processing by HomeController#index as HTML
  Rendering home/index.html.erb within layouts/application
  Rendered home/index.html.erb within layouts/application (0.9ms)
Completed 200 OK in 54ms (Views: 52.7ms | ActiveRecord: 0.0ms)


Started GET "/login" for ::1 at 2019-11-05 13:02:22 -0800
Processing by AuthController#new as HTML
  Rendering auth/login.html.erb within layouts/application
  Rendered auth/login.html.erb within layouts/application (7.9ms)
Completed 200 OK in 47ms (Views: 46.8ms | ActiveRecord: 0.0ms)


Started POST "/login" for ::1 at 2019-11-05 13:02:25 -0800
Processing by AuthController#login as HTML
  Parameters: {"utf8"=>"✓", "authenticity_token"=>"Lh8caXoVJdJCht1ABQPffE7jPFam8e28JeH74vkV7V4UPA8fW9iS3wv6FeL8Azfa2tjKq6jNxE1F+3FAfjygPA==", "user"=>{"email"=>"r", "password"=>"[FILTERED]"}, "button"=>""}
  [1m[36mUser Load (0.3ms)[0m  [1m[34mSELECT  "users".* FROM "users" WHERE "users"."email" = $1 LIMIT $2[0m  [["email", "r"], ["LIMIT", 1]]
  ↳ app/controllers/auth_controller.rb:17
  Rendering auth/login.html.erb within layouts/application
  Rendered auth/login.html.erb within layouts/application (19.1ms)
Completed 200 OK in 187ms (Views: 73.8ms | ActiveRecord: 10.9ms)


Started GET "/login" for ::1 at 2019-11-05 13:02:28 -0800
Processing by AuthController#new as HTML
  Rendering auth/login.html.erb within layouts/application
  Rendered auth/login.html.erb within layouts/application (7.6ms)
Completed 200 OK in 43ms (Views: 42.2ms | ActiveRecord: 0.0ms)


Started POST "/login" for ::1 at 2019-11-05 13:02:30 -0800
Processing by AuthController#login as HTML
  Parameters: {"utf8"=>"✓", "authenticity_token"=>"LgEM865HnrmmvkJjF14swp16HImUE0VVsYZ3FYRILIIUIh+Fj4optO/CisHuXsRkCUHqdJovbKTRnP23A2Fh4A==", "user"=>{"email"=>"r", "password"=>"[FILTERED]"}, "button"=>""}
  [1m[36mUser Load (0.3ms)[0m  [1m[34mSELECT  "users".* FROM "users" WHERE "users"."email" = $1 LIMIT $2[0m  [["email", "r"], ["LIMIT", 1]]
  ↳ app/controllers/auth_controller.rb:17
Redirected to http://localhost:3000/
Completed 302 Found in 84ms (ActiveRecord: 0.3ms)


Started GET "/" for ::1 at 2019-11-05 13:02:30 -0800
Processing by HomeController#index as HTML
  Rendering home/index.html.erb within layouts/application
  [1m[36mUser Load (1.1ms)[0m  [1m[34mSELECT  "users".* FROM "users" WHERE "users"."id" = $1 LIMIT $2[0m  [["id", 3], ["LIMIT", 1]]
  ↳ app/controllers/application_controller.rb:8
  Rendered home/index.html.erb within layouts/application (5.0ms)
Completed 200 OK in 56ms (Views: 50.5ms | ActiveRecord: 1.1ms)


Started GET "/" for ::1 at 2019-11-05 13:46:19 -0800
  [1m[35m (5.2ms)[0m  [1m[34mSELECT "schema_migrations"."version" FROM "schema_migrations" ORDER BY "schema_migrations"."version" ASC[0m
  ↳ /Users/redlhota/.rvm/gems/ruby-2.6.1/gems/activerecord-5.2.3/lib/active_record/log_subscriber.rb:98
  
ActiveRecord::PendingMigrationError (

Migrations are pending. To resolve this issue, run:

        bin/rails db:migrate RAILS_ENV=development

):
  
activerecord (5.2.3) lib/active_record/migration.rb:579:in `check_pending!'
activerecord (5.2.3) lib/active_record/migration.rb:556:in `call'
actionpack (5.2.3) lib/action_dispatch/middleware/callbacks.rb:28:in `block in call'
activesupport (5.2.3) lib/active_support/callbacks.rb:98:in `run_callbacks'
actionpack (5.2.3) lib/action_dispatch/middleware/callbacks.rb:26:in `call'
actionpack (5.2.3) lib/action_dispatch/middleware/executor.rb:14:in `call'
actionpack (5.2.3) lib/action_dispatch/middleware/debug_exceptions.rb:61:in `call'
web-console (3.7.0) lib/web_console/middleware.rb:135:in `call_app'
web-console (3.7.0) lib/web_console/middleware.rb:30:in `block in call'
web-console (3.7.0) lib/web_console/middleware.rb:20:in `catch'
web-console (3.7.0) lib/web_console/middleware.rb:20:in `call'
actionpack (5.2.3) lib/action_dispatch/middleware/show_exceptions.rb:33:in `call'
railties (5.2.3) lib/rails/rack/logger.rb:38:in `call_app'
railties (5.2.3) lib/rails/rack/logger.rb:26:in `block in call'
activesupport (5.2.3) lib/active_support/tagged_logging.rb:71:in `block in tagged'
activesupport (5.2.3) lib/active_support/tagged_logging.rb:28:in `tagged'
activesupport (5.2.3) lib/active_support/tagged_logging.rb:71:in `tagged'
railties (5.2.3) lib/rails/rack/logger.rb:26:in `call'
sprockets-rails (3.2.1) lib/sprockets/rails/quiet_assets.rb:13:in `call'
actionpack (5.2.3) lib/action_dispatch/middleware/remote_ip.rb:81:in `call'
actionpack (5.2.3) lib/action_dispatch/middleware/request_id.rb:27:in `call'
rack (2.0.7) lib/rack/method_override.rb:22:in `call'
rack (2.0.7) lib/rack/runtime.rb:22:in `call'
activesupport (5.2.3) lib/active_support/cache/strategy/local_cache_middleware.rb:29:in `call'
actionpack (5.2.3) lib/action_dispatch/middleware/executor.rb:14:in `call'
actionpack (5.2.3) lib/action_dispatch/middleware/static.rb:127:in `call'
rack (2.0.7) lib/rack/sendfile.rb:111:in `call'
railties (5.2.3) lib/rails/engine.rb:524:in `call'
puma (3.12.1) lib/puma/configuration.rb:227:in `call'
puma (3.12.1) lib/puma/server.rb:660:in `handle_request'
puma (3.12.1) lib/puma/server.rb:474:in `process_client'
puma (3.12.1) lib/puma/server.rb:334:in `block in run'
puma (3.12.1) lib/puma/thread_pool.rb:135:in `block in spawn_thread'
  [1m[35m (0.3ms)[0m  [1m[34mSELECT pg_try_advisory_lock(8115692404137957555)[0m
  ↳ /Users/redlhota/.rvm/gems/ruby-2.6.1/bin/rake:23
  [1m[35m (1.2ms)[0m  [1m[34mSELECT "schema_migrations"."version" FROM "schema_migrations" ORDER BY "schema_migrations"."version" ASC[0m
  ↳ /Users/redlhota/.rvm/gems/ruby-2.6.1/bin/rake:23
Migrating to CreateInboxes (20191105213940)
  [1m[35m (0.2ms)[0m  [1m[35mBEGIN[0m
  ↳ /Users/redlhota/.rvm/gems/ruby-2.6.1/bin/rake:23
  [1m[35m (52.2ms)[0m  [1m[35mCREATE TABLE "inboxes" ("id" bigserial primary key, "name" character varying NOT NULL, "user_id" bigint NOT NULL, "deletable" boolean DEFAULT TRUE, "created_at" timestamp NOT NULL, "updated_at" timestamp NOT NULL, CONSTRAINT "fk_rails_5ec5f5a736"
FOREIGN KEY ("user_id")
  REFERENCES "users" ("id")
)[0m
  ↳ db/migrate/20191105213940_create_inboxes.rb:3
  [1m[35m (3.6ms)[0m  [1m[35mCREATE  INDEX  "index_inboxes_on_user_id" ON "inboxes"  ("user_id")[0m
  ↳ db/migrate/20191105213940_create_inboxes.rb:3
  [1m[36mActiveRecord::SchemaMigration Create (0.6ms)[0m  [1m[32mINSERT INTO "schema_migrations" ("version") VALUES ($1) RETURNING "version"[0m  [["version", "20191105213940"]]
  ↳ /Users/redlhota/.rvm/gems/ruby-2.6.1/bin/rake:23
  [1m[35m (1.0ms)[0m  [1m[35mCOMMIT[0m
  ↳ /Users/redlhota/.rvm/gems/ruby-2.6.1/bin/rake:23
  [1m[36mActiveRecord::InternalMetadata Load (0.8ms)[0m  [1m[34mSELECT  "ar_internal_metadata".* FROM "ar_internal_metadata" WHERE "ar_internal_metadata"."key" = $1 LIMIT $2[0m  [["key", "environment"], ["LIMIT", 1]]
  ↳ /Users/redlhota/.rvm/gems/ruby-2.6.1/bin/rake:23
  [1m[35m (0.2ms)[0m  [1m[35mBEGIN[0m
  ↳ /Users/redlhota/.rvm/gems/ruby-2.6.1/bin/rake:23
  [1m[35m (0.3ms)[0m  [1m[35mCOMMIT[0m
  ↳ /Users/redlhota/.rvm/gems/ruby-2.6.1/bin/rake:23
  [1m[35m (0.4ms)[0m  [1m[34mSELECT pg_advisory_unlock(8115692404137957555)[0m
  ↳ /Users/redlhota/.rvm/gems/ruby-2.6.1/bin/rake:23
  [1m[35m (0.4ms)[0m  [1m[34mSELECT "schema_migrations"."version" FROM "schema_migrations" ORDER BY "schema_migrations"."version" ASC[0m
  ↳ /Users/redlhota/.rvm/gems/ruby-2.6.1/bin/rake:23
Started GET "/" for ::1 at 2019-11-05 13:46:35 -0800
  [1m[35m (0.5ms)[0m  [1m[34mSELECT "schema_migrations"."version" FROM "schema_migrations" ORDER BY "schema_migrations"."version" ASC[0m
  ↳ /Users/redlhota/.rvm/gems/ruby-2.6.1/gems/activerecord-5.2.3/lib/active_record/log_subscriber.rb:98
Processing by HomeController#index as HTML
  Rendering home/index.html.erb within layouts/application
  [1m[36mUser Load (1.4ms)[0m  [1m[34mSELECT  "users".* FROM "users" WHERE "users"."id" = $1 LIMIT $2[0m  [["id", 3], ["LIMIT", 1]]
  ↳ app/controllers/application_controller.rb:8
  Rendered home/index.html.erb within layouts/application (70.7ms)
Completed 200 OK in 385ms (Views: 357.0ms | ActiveRecord: 21.7ms)


Started GET "/inboxes" for ::1 at 2019-11-05 13:46:38 -0800
Processing by InboxesController#index as HTML
  Rendering inboxes/index.html.erb within layouts/application
  [1m[36mInbox Load (6.9ms)[0m  [1m[34mSELECT "inboxes".* FROM "inboxes"[0m
  ↳ app/views/inboxes/index.html.erb:15
  Rendered inboxes/index.html.erb within layouts/application (28.7ms)
  [1m[36mUser Load (0.6ms)[0m  [1m[34mSELECT  "users".* FROM "users" WHERE "users"."id" = $1 LIMIT $2[0m  [["id", 3], ["LIMIT", 1]]
  ↳ app/controllers/application_controller.rb:8
Completed 200 OK in 272ms (Views: 225.9ms | ActiveRecord: 16.0ms)


Started GET "/inboxes/new" for ::1 at 2019-11-05 13:46:41 -0800
Processing by InboxesController#new as HTML
  Rendering inboxes/new.html.erb within layouts/application
  Rendered inboxes/_form.html.erb (18.0ms)
  Rendered inboxes/new.html.erb within layouts/application (20.2ms)
  [1m[36mUser Load (0.4ms)[0m  [1m[34mSELECT  "users".* FROM "users" WHERE "users"."id" = $1 LIMIT $2[0m  [["id", 3], ["LIMIT", 1]]
  ↳ app/controllers/application_controller.rb:8
Completed 200 OK in 234ms (Views: 210.8ms | ActiveRecord: 5.3ms)


Started GET "/inboxes" for ::1 at 2019-11-05 13:46:45 -0800
Processing by InboxesController#index as HTML
  Rendering inboxes/index.html.erb within layouts/application
  [1m[36mInbox Load (0.9ms)[0m  [1m[34mSELECT "inboxes".* FROM "inboxes"[0m
  ↳ app/views/inboxes/index.html.erb:15
  Rendered inboxes/index.html.erb within layouts/application (5.0ms)
  [1m[36mUser Load (1.3ms)[0m  [1m[34mSELECT  "users".* FROM "users" WHERE "users"."id" = $1 LIMIT $2[0m  [["id", 3], ["LIMIT", 1]]
  ↳ app/controllers/application_controller.rb:8
Completed 200 OK in 64ms (Views: 59.1ms | ActiveRecord: 2.2ms)


